0 info it worked if it ends with ok
1 verbose cli [ '/usr/bin/node', '/bin/npm', 'run', 'dev' ]
2 info using npm@3.10.10
3 info using node@v6.11.3
4 verbose run-script [ 'predev', 'dev', 'postdev' ]
5 info lifecycle visualivr@1.0.0~predev: visualivr@1.0.0
6 silly lifecycle visualivr@1.0.0~predev: no script for predev, continuing
7 info lifecycle visualivr@1.0.0~dev: visualivr@1.0.0
8 verbose lifecycle visualivr@1.0.0~dev: unsafe-perm in lifecycle true
9 verbose lifecycle visualivr@1.0.0~dev: PATH: /usr/lib/node_modules/npm/bin/node-gyp-bin:/home/node/visualivr-production/node_modules/.bin:/usr/bin:/usr/local/bin:/bin:/usr/bin:/usr/local/sbin:/usr/sbin:/home/node/.local/bin:/home/node/bin
10 verbose lifecycle visualivr@1.0.0~dev: CWD: /home/node/visualivr-production
11 silly lifecycle visualivr@1.0.0~dev: Args: [ '-c', 'NODE_ENV=dev babel-watch src/index.js' ]
12 silly lifecycle visualivr@1.0.0~dev: Returned: code: 1  signal: null
13 info lifecycle visualivr@1.0.0~dev: Failed to exec dev script
14 verbose stack Error: visualivr@1.0.0 dev: `NODE_ENV=dev babel-watch src/index.js`
14 verbose stack Exit status 1
14 verbose stack     at EventEmitter.<anonymous> (/usr/lib/node_modules/npm/lib/utils/lifecycle.js:255:16)
14 verbose stack     at emitTwo (events.js:106:13)
14 verbose stack     at EventEmitter.emit (events.js:191:7)
14 verbose stack     at ChildProcess.<anonymous> (/usr/lib/node_modules/npm/lib/utils/spawn.js:40:14)
14 verbose stack     at emitTwo (events.js:106:13)
14 verbose stack     at ChildProcess.emit (events.js:191:7)
14 verbose stack     at maybeClose (internal/child_process.js:920:16)
14 verbose stack     at Process.ChildProcess._handle.onexit (internal/child_process.js:230:5)
15 verbose pkgid visualivr@1.0.0
16 verbose cwd /home/node/visualivr-production
17 error Linux 3.10.0-693.5.2.el7.x86_64
18 error argv "/usr/bin/node" "/bin/npm" "run" "dev"
19 error node v6.11.3
20 error npm  v3.10.10
21 error code ELIFECYCLE
22 error visualivr@1.0.0 dev: `NODE_ENV=dev babel-watch src/index.js`
22 error Exit status 1
23 error Failed at the visualivr@1.0.0 dev script 'NODE_ENV=dev babel-watch src/index.js'.
23 error Make sure you have the latest version of node.js and npm installed.
23 error If you do, this is most likely a problem with the visualivr package,
23 error not with npm itself.
23 error Tell the author that this fails on your system:
23 error     NODE_ENV=dev babel-watch src/index.js
23 error You can get information on how to open an issue for this project with:
23 error     npm bugs visualivr
23 error Or if that isn't available, you can get their info via:
23 error     npm owner ls visualivr
23 error There is likely additional logging output above.
24 verbose exit [ 1, true ]
